<?xml version="1.0" encoding="UTF-8"?>
<testng-results ignored="0" total="1" passed="1" failed="0" skipped="0">
  <reporter-output>
    <line>
      <![CDATA[COnnection to the server]]>
    </line>
    <line>
      <![CDATA[Connection to the data base]]>
    </line>
    <line>
      <![CDATA[Disconnect the data base]]>
    </line>
    <line>
      <![CDATA[Disconnect the server]]>
    </line>
  </reporter-output>
  <suite started-at="2024-01-14T12:10:24 IST" name="Default suite" finished-at="2024-01-14T12:10:33 IST" duration-ms="8835">
    <groups>
    </groups>
    <test started-at="2024-01-14T12:10:24 IST" name="Default test" finished-at="2024-01-14T12:10:33 IST" duration-ms="8835">
      <class name="selenium8.Tc_001_Test">
        <test-method is-config="true" signature="connectServer()[pri:0, instance:selenium8.Tc_001_Test@73a1e9a9]" started-at="2024-01-14T12:10:24 IST" name="connectServer" finished-at="2024-01-14T12:10:24 IST" duration-ms="15" status="PASS">
          <reporter-output>
            <line>
              <![CDATA[COnnection to the server]]>
            </line>
          </reporter-output>
        </test-method> <!-- connectServer -->
        <test-method is-config="true" signature="connectDB()[pri:0, instance:selenium8.Tc_001_Test@73a1e9a9]" started-at="2024-01-14T12:10:24 IST" name="connectDB" finished-at="2024-01-14T12:10:24 IST" duration-ms="0" status="PASS">
          <reporter-output>
            <line>
              <![CDATA[Connection to the data base]]>
            </line>
          </reporter-output>
        </test-method> <!-- connectDB -->
        <test-method is-config="true" signature="openBrowser()[pri:0, instance:selenium8.Tc_001_Test@73a1e9a9]" started-at="2024-01-14T12:10:24 IST" name="openBrowser" finished-at="2024-01-14T12:10:30 IST" duration-ms="6298" status="PASS">
          <reporter-output>
          </reporter-output>
        </test-method> <!-- openBrowser -->
        <test-method signature="case1(java.lang.String,java.lang.String,java.lang.String,java.lang.String,java.lang.String)[pri:0, instance:selenium8.Tc_001_Test@73a1e9a9]" started-at="2024-01-14T12:10:31 IST" name="case1" data-provider="data" finished-at="2024-01-14T12:10:33 IST" duration-ms="1505" status="PASS">
          <params>
            <param index="0">
              <value>
                <![CDATA[suriya]]>
              </value>
            </param>
            <param index="1">
              <value>
                <![CDATA[johnson]]>
              </value>
            </param>
            <param index="2">
              <value>
                <![CDATA[sj@gmail.com]]>
              </value>
            </param>
            <param index="3">
              <value>
                <![CDATA[123456.0]]>
              </value>
            </param>
            <param index="4">
              <value>
                <![CDATA[123456.0]]>
              </value>
            </param>
          </params>
          <reporter-output>
          </reporter-output>
        </test-method> <!-- case1 -->
        <test-method is-config="true" signature="closeBrowser()[pri:0, instance:selenium8.Tc_001_Test@73a1e9a9]" started-at="2024-01-14T12:10:33 IST" name="closeBrowser" finished-at="2024-01-14T12:10:33 IST" duration-ms="0" status="PASS">
          <reporter-output>
          </reporter-output>
        </test-method> <!-- closeBrowser -->
        <test-method is-config="true" signature="disconnectDB()[pri:0, instance:selenium8.Tc_001_Test@73a1e9a9]" started-at="2024-01-14T12:10:33 IST" name="disconnectDB" finished-at="2024-01-14T12:10:33 IST" duration-ms="0" status="PASS">
          <reporter-output>
            <line>
              <![CDATA[Disconnect the data base]]>
            </line>
          </reporter-output>
        </test-method> <!-- disconnectDB -->
        <test-method is-config="true" signature="disconnectServer()[pri:0, instance:selenium8.Tc_001_Test@73a1e9a9]" started-at="2024-01-14T12:10:33 IST" name="disconnectServer" finished-at="2024-01-14T12:10:33 IST" duration-ms="0" status="PASS">
          <reporter-output>
            <line>
              <![CDATA[Disconnect the server]]>
            </line>
          </reporter-output>
        </test-method> <!-- disconnectServer -->
      </class> <!-- selenium8.Tc_001_Test -->
    </test> <!-- Default test -->
  </suite> <!-- Default suite -->
</testng-results>
